# JRE version: Java(TM) SE Runtime Environment (8.0_25-b18) (build 1.8.0_25-b18)
# Java VM: Java HotSpot(TM) 64-Bit Server VM (25.25-b02 mixed mode windows-amd64 compressed oops)
Heap:
 PSYoungGen      total 153088K, used 6706K [0x00000000f5580000, 0x0000000100000000, 0x0000000100000000)
  eden space 131584K, 3% used [0x00000000f5580000,0x00000000f598deb8,0x00000000fd600000)
  from space 21504K, 11% used [0x00000000fd600000,0x00000000fd87e978,0x00000000feb00000)
  to   space 21504K, 0% used [0x00000000feb00000,0x00000000feb00000,0x0000000100000000)
 ParOldGen       total 161280K, used 80178K [0x00000000e0000000, 0x00000000e9d80000, 0x00000000f5580000)
  object space 161280K, 49% used [0x00000000e0000000,0x00000000e4e4ca28,0x00000000e9d80000)
 Metaspace       used 50147K, capacity 50640K, committed 50816K, reserved 1089536K
  class space    used 9622K, capacity 9817K, committed 9856K, reserved 1048576K
GC Heap History (10 events):
Event: 13.175 GC heap before
{Heap before GC invocations=10 (full 1):
 PSYoungGen      total 112128K, used 11356K [0x00000000f5580000, 0x00000000fed00000, 0x0000000100000000)
  eden space 102400K, 1% used [0x00000000f5580000,0x00000000f57180b8,0x00000000fb980000)
  from space 9728K, 99% used [0x00000000fc700000,0x00000000fd07f030,0x00000000fd080000)
  to   space 13824K, 0% used [0x00000000fb980000,0x00000000fb980000,0x00000000fc700000)
 ParOldGen       total 60416K, used 15082K [0x00000000e0000000, 0x00000000e3b00000, 0x00000000f5580000)
  object space 60416K, 24% used [0x00000000e0000000,0x00000000e0eba820,0x00000000e3b00000)
 Metaspace       used 34993K, capacity 35334K, committed 35456K, reserved 1077248K
  class space    used 6839K, capacity 6927K, committed 7040K, reserved 1048576K
Event: 13.197 GC heap after
Heap after GC invocations=10 (full 1):
 PSYoungGen      total 116224K, used 8944K [0x00000000f5580000, 0x0000000100000000, 0x0000000100000000)
  eden space 102400K, 0% used [0x00000000f5580000,0x00000000f5580000,0x00000000fb980000)
  from space 13824K, 64% used [0x00000000fb980000,0x00000000fc23c050,0x00000000fc700000)
  to   space 13824K, 0% used [0x00000000ff280000,0x00000000ff280000,0x0000000100000000)
 ParOldGen       total 60416K, used 15960K [0x00000000e0000000, 0x00000000e3b00000, 0x00000000f5580000)
  object space 60416K, 26% used [0x00000000e0000000,0x00000000e0f96160,0x00000000e3b00000)
 Metaspace       used 34993K, capacity 35334K, committed 35456K, reserved 1077248K
  class space    used 6839K, capacity 6927K, committed 7040K, reserved 1048576K
}
Event: 13.197 GC heap before
{Heap before GC invocations=11 (full 2):
 PSYoungGen      total 116224K, used 8944K [0x00000000f5580000, 0x0000000100000000, 0x0000000100000000)
  eden space 102400K, 0% used [0x00000000f5580000,0x00000000f5580000,0x00000000fb980000)
  from space 13824K, 64% used [0x00000000fb980000,0x00000000fc23c050,0x00000000fc700000)
  to   space 13824K, 0% used [0x00000000ff280000,0x00000000ff280000,0x0000000100000000)
 ParOldGen       total 60416K, used 15960K [0x00000000e0000000, 0x00000000e3b00000, 0x00000000f5580000)
  object space 60416K, 26% used [0x00000000e0000000,0x00000000e0f96160,0x00000000e3b00000)
 Metaspace       used 34993K, capacity 35334K, committed 35456K, reserved 1077248K
  class space    used 6839K, capacity 6927K, committed 7040K, reserved 1048576K
Event: 13.414 GC heap after
Heap after GC invocations=11 (full 2):
 PSYoungGen      total 116224K, used 0K [0x00000000f5580000, 0x0000000100000000, 0x0000000100000000)
  eden space 102400K, 0% used [0x00000000f5580000,0x00000000f5580000,0x00000000fb980000)
  from space 13824K, 0% used [0x00000000fb980000,0x00000000fb980000,0x00000000fc700000)
  to   space 13824K, 0% used [0x00000000ff280000,0x00000000ff280000,0x0000000100000000)
 ParOldGen       total 80384K, used 20389K [0x00000000e0000000, 0x00000000e4e80000, 0x00000000f5580000)
  object space 80384K, 25% used [0x00000000e0000000,0x00000000e13e9750,0x00000000e4e80000)
 Metaspace       used 34984K, capacity 35310K, committed 35456K, reserved 1077248K
  class space    used 6837K, capacity 6919K, committed 7040K, reserved 1048576K
}
Event: 16.254 GC heap before
{Heap before GC invocations=12 (full 2):
 PSYoungGen      total 116224K, used 102400K [0x00000000f5580000, 0x0000000100000000, 0x0000000100000000)
  eden space 102400K, 100% used [0x00000000f5580000,0x00000000fb980000,0x00000000fb980000)
  from space 13824K, 0% used [0x00000000fb980000,0x00000000fb980000,0x00000000fc700000)
  to   space 13824K, 0% used [0x00000000ff280000,0x00000000ff280000,0x0000000100000000)
 ParOldGen       total 80384K, used 20389K [0x00000000e0000000, 0x00000000e4e80000, 0x00000000f5580000)
  object space 80384K, 25% used [0x00000000e0000000,0x00000000e13e9750,0x00000000e4e80000)
 Metaspace       used 37434K, capacity 37860K, committed 38016K, reserved 1079296K
  class space    used 7292K, capacity 7473K, committed 7552K, reserved 1048576K
Event: 16.309 GC heap after
Heap after GC invocations=12 (full 2):
 PSYoungGen      total 145408K, used 13808K [0x00000000f5580000, 0x0000000100000000, 0x0000000100000000)
  eden space 131584K, 0% used [0x00000000f5580000,0x00000000f5580000,0x00000000fd600000)
  from space 13824K, 99% used [0x00000000ff280000,0x00000000ffffc080,0x0000000100000000)
  to   space 21504K, 0% used [0x00000000fd600000,0x00000000fd600000,0x00000000feb00000)
 ParOldGen       total 80384K, used 36632K [0x00000000e0000000, 0x00000000e4e80000, 0x00000000f5580000)
  object space 80384K, 45% used [0x00000000e0000000,0x00000000e23c6118,0x00000000e4e80000)
 Metaspace       used 37434K, capacity 37860K, committed 38016K, reserved 1079296K
  class space    used 7292K, capacity 7473K, committed 7552K, reserved 1048576K
}
Event: 24.274 GC heap before
{Heap before GC invocations=13 (full 2):
 PSYoungGen      total 145408K, used 145392K [0x00000000f5580000, 0x0000000100000000, 0x0000000100000000)
  eden space 131584K, 100% used [0x00000000f5580000,0x00000000fd600000,0x00000000fd600000)
  from space 13824K, 99% used [0x00000000ff280000,0x00000000ffffc080,0x0000000100000000)
  to   space 21504K, 0% used [0x00000000fd600000,0x00000000fd600000,0x00000000feb00000)
 ParOldGen       total 80384K, used 36632K [0x00000000e0000000, 0x00000000e4e80000, 0x00000000f5580000)
  object space 80384K, 45% used [0x00000000e0000000,0x00000000e23c6118,0x00000000e4e80000)
 Metaspace       used 49644K, capacity 50160K, committed 50176K, reserved 1089536K
  class space    used 9518K, capacity 9721K, committed 9728K, reserved 1048576K
Event: 24.396 GC heap after
Heap after GC invocations=13 (full 2):
 PSYoungGen      total 153088K, used 21502K [0x00000000f5580000, 0x0000000100000000, 0x0000000100000000)
  eden space 131584K, 0% used [0x00000000f5580000,0x00000000f5580000,0x00000000fd600000)
  from space 21504K, 99% used [0x00000000fd600000,0x00000000feaff940,0x00000000feb00000)
  to   space 21504K, 0% used [0x00000000feb00000,0x00000000feb00000,0x0000000100000000)
 ParOldGen       total 80384K, used 66663K [0x00000000e0000000, 0x00000000e4e80000, 0x00000000f5580000)
  object space 80384K, 82% used [0x00000000e0000000,0x00000000e4119e28,0x00000000e4e80000)
 Metaspace       used 49644K, capacity 50160K, committed 50176K, reserved 1089536K
  class space    used 9518K, capacity 9721K, committed 9728K, reserved 1048576K
}
Event: 24.396 GC heap before
{Heap before GC invocations=14 (full 3):
 PSYoungGen      total 153088K, used 21502K [0x00000000f5580000, 0x0000000100000000, 0x0000000100000000)
  eden space 131584K, 0% used [0x00000000f5580000,0x00000000f5580000,0x00000000fd600000)
  from space 21504K, 99% used [0x00000000fd600000,0x00000000feaff940,0x00000000feb00000)
  to   space 21504K, 0% used [0x00000000feb00000,0x00000000feb00000,0x0000000100000000)
 ParOldGen       total 80384K, used 66663K [0x00000000e0000000, 0x00000000e4e80000, 0x00000000f5580000)
  object space 80384K, 82% used [0x00000000e0000000,0x00000000e4119e28,0x00000000e4e80000)
 Metaspace       used 49644K, capacity 50160K, committed 50176K, reserved 1089536K
  class space    used 9518K, capacity 9721K, committed 9728K, reserved 1048576K
Event: 25.017 GC heap after
Heap after GC invocations=14 (full 3):
 PSYoungGen      total 153088K, used 2554K [0x00000000f5580000, 0x0000000100000000, 0x0000000100000000)
  eden space 131584K, 0% used [0x00000000f5580000,0x00000000f5580000,0x00000000fd600000)
  from space 21504K, 11% used [0x00000000fd600000,0x00000000fd87e978,0x00000000feb00000)
  to   space 21504K, 0% used [0x00000000feb00000,0x00000000feb00000,0x0000000100000000)
 ParOldGen       total 161280K, used 80178K [0x00000000e0000000, 0x00000000e9d80000, 0x00000000f5580000)
  object space 161280K, 49% used [0x00000000e0000000,0x00000000e4e4ca28,0x00000000e9d80000)
 Metaspace       used 49644K, capacity 50160K, committed 50176K, reserved 1089536K
  class space    used 9518K, capacity 9721K, committed 9728K, reserved 1048576K
}

